\BOOKMARK [0][-]{chapter.1}{Wprowadzenie}{}% 1
\BOOKMARK [1][-]{section.1.1}{Rozwiazanie dotychczasowe}{chapter.1}% 2
\BOOKMARK [1][-]{section.1.2}{Og\363lnie informacje o systemie USOS}{chapter.1}% 3
\BOOKMARK [1][-]{section.1.3}{Cel pracy}{chapter.1}% 4
\BOOKMARK [1][-]{section.1.4}{Struktura pracy}{chapter.1}% 5
\BOOKMARK [1][-]{section.1.5}{Podzia\233 pracy}{chapter.1}% 6
\BOOKMARK [2][-]{subsection.1.5.1}{Maciej G\363ralski}{section.1.5}% 7
\BOOKMARK [2][-]{subsection.1.5.2}{Kacper Pawelec}{section.1.5}% 8
\BOOKMARK [2][-]{subsection.1.5.3}{Aliaksei Suvorau}{section.1.5}% 9
\BOOKMARK [2][-]{subsection.1.5.4}{Micha\233 Swidzinski}{section.1.5}% 10
\BOOKMARK [0][-]{chapter.2}{Wymagania uzytkownik\363w}{}% 11
\BOOKMARK [1][-]{section.2.1}{Wymagania}{chapter.2}% 12
\BOOKMARK [1][-]{section.2.2}{Rozmowa z Dziekanem}{chapter.2}% 13
\BOOKMARK [1][-]{section.2.3}{Ankieta dla student\363w}{chapter.2}% 14
\BOOKMARK [1][-]{section.2.4}{Rozmowa z Sekcja Studencka}{chapter.2}% 15
\BOOKMARK [0][-]{chapter.3}{Specyfikacja}{}% 16
\BOOKMARK [1][-]{section.3.1}{Cel projektu}{chapter.3}% 17
\BOOKMARK [1][-]{section.3.2}{Definicje}{chapter.3}% 18
\BOOKMARK [2][-]{subsection.3.2.1}{kalendarz spotkan}{section.3.2}% 19
\BOOKMARK [2][-]{subsection.3.2.2}{s\233ownik}{section.3.2}% 20
\BOOKMARK [2][-]{subsection.3.2.3}{s\233ownik uzasadnien}{section.3.2}% 21
\BOOKMARK [2][-]{subsection.3.2.4}{Okres zapis\363w}{section.3.2}% 22
\BOOKMARK [2][-]{subsection.3.2.5}{Okres akceptacji}{section.3.2}% 23
\BOOKMARK [1][-]{section.3.3}{Definiowanie spotkania}{chapter.3}% 24
\BOOKMARK [1][-]{section.3.4}{Zapisy na spotkanie}{chapter.3}% 25
\BOOKMARK [1][-]{section.3.5}{Dodatkowe wymagania}{chapter.3}% 26
\BOOKMARK [1][-]{section.3.6}{Formularz}{chapter.3}% 27
\BOOKMARK [1][-]{section.3.7}{Szczeg\363\233owa specyfikacja uzytkowania}{chapter.3}% 28
\BOOKMARK [2][-]{subsection.3.7.1}{Uzywanie USOSadm przez zalogowanego uzytkownika z odpowiednimi uprawnieniami.}{section.3.7}% 29
\BOOKMARK [2][-]{subsection.3.7.2}{Uzywanie USOSweb przez zalogowanego uzytkownika z odpowiednimi uprawnieniami.}{section.3.7}% 30
\BOOKMARK [1][-]{section.3.8}{Dodatkowe wymagania}{chapter.3}% 31
\BOOKMARK [1][-]{section.3.9}{Schemat bazy danych}{chapter.3}% 32
\BOOKMARK [1][-]{section.3.10}{Przyk\233ady}{chapter.3}% 33
\BOOKMARK [0][-]{chapter.4}{Implementacja}{}% 34
\BOOKMARK [1][-]{section.4.1}{USOS}{chapter.4}% 35
\BOOKMARK [1][-]{section.4.2}{USOSadm}{chapter.4}% 36
\BOOKMARK [2][-]{subsection.4.2.1}{Informacje og\363lne}{section.4.2}% 37
\BOOKMARK [2][-]{subsection.4.2.2}{Aplikacja kliencka}{section.4.2}% 38
\BOOKMARK [2][-]{subsection.4.2.3}{Serwer}{section.4.2}% 39
\BOOKMARK [2][-]{subsection.4.2.4}{Komunikacja z baza danych}{section.4.2}% 40
\BOOKMARK [2][-]{subsection.4.2.5}{Opis implementacji}{section.4.2}% 41
\BOOKMARK [2][-]{subsection.4.2.6}{S\233ownik uzasadnien}{section.4.2}% 42
\BOOKMARK [2][-]{subsection.4.2.7}{Kalendarz}{section.4.2}% 43
\BOOKMARK [2][-]{subsection.4.2.8}{Notatki}{section.4.2}% 44
\BOOKMARK [1][-]{section.4.3}{USOSweb}{chapter.4}% 45
\BOOKMARK [2][-]{subsection.4.3.1}{Informacje og\363lne}{section.4.3}% 46
\BOOKMARK [2][-]{subsection.4.3.2}{Opis dzia\233ania systemu USOSweb}{section.4.3}% 47
\BOOKMARK [2][-]{subsection.4.3.3}{Akcje}{section.4.3}% 48
\BOOKMARK [2][-]{subsection.4.3.4}{Szablony}{section.4.3}% 49
\BOOKMARK [2][-]{subsection.4.3.5}{Modu\233y pomocnicze}{section.4.3}% 50
\BOOKMARK [2][-]{subsection.4.3.6}{Wyb\363r jednostki}{section.4.3}% 51
\BOOKMARK [2][-]{subsection.4.3.7}{Wyb\363r spotkania}{section.4.3}% 52
\BOOKMARK [2][-]{subsection.4.3.8}{Moje spotkania}{section.4.3}% 53
\BOOKMARK [2][-]{subsection.4.3.9}{Problemy i ich rozwiazania}{section.4.3}% 54
\BOOKMARK [2][-]{subsection.4.3.10}{Zmiany w USOSWebie}{section.4.3}% 55
\BOOKMARK [2][-]{subsection.4.3.11}{Potencjalne ataki i zabezpieczenia}{section.4.3}% 56
\BOOKMARK [0][-]{chapter.5}{Potencjalny dalszy rozw\363j}{}% 57
\BOOKMARK [1][-]{section.5.1}{Mobilny USOS}{chapter.5}% 58
\BOOKMARK [1][-]{section.5.2}{Spotkania innego rodzaju}{chapter.5}% 59
\BOOKMARK [0][-]{chapter.6}{Dodatki}{}% 60
\BOOKMARK [1][-]{section.6.1}{Opis zawartosci p\233yty CD}{chapter.6}% 61
\BOOKMARK [0][-]{chapter*.22}{Bibliografia}{}% 62
